[2019-06-04 17:00:03,708] INFO [GroupCoordinator 0]: Member consumer-2-bb0c9a4c-1337-4d84-a322-3a01bf603bea in group stock-67d18fdf-eb87-4a77-8577-7a43ca6a1684 has left, removing it from the group (kafka.coordinator.group.GroupCoordinator)
[2019-06-04 17:00:03,711] INFO [GroupCoordinator 0]: Preparing to rebalance group stock-67d18fdf-eb87-4a77-8577-7a43ca6a1684 in state PreparingRebalance with old generation 1 (__consumer_offsets-40) (reason: removing member consumer-2-bb0c9a4c-1337-4d84-a322-3a01bf603bea on LeaveGroup) (kafka.coordinator.group.GroupCoordinator)
[2019-06-04 17:00:03,712] INFO [GroupCoordinator 0]: Group stock-67d18fdf-eb87-4a77-8577-7a43ca6a1684 with generation 2 is now empty (__consumer_offsets-40) (kafka.coordinator.group.GroupCoordinator)
[2019-06-04 17:00:05,317] INFO [GroupCoordinator 0]: Preparing to rebalance group stock-f5ae40f1-7adb-4945-bef3-847fe4d87b1d in state PreparingRebalance with old generation 0 (__consumer_offsets-21) (reason: Adding new member consumer-4-10a40b1c-e9ac-4297-b089-d51e3df5102c) (kafka.coordinator.group.GroupCoordinator)
[2019-06-04 17:00:05,319] INFO [GroupCoordinator 0]: Stabilized group stock-f5ae40f1-7adb-4945-bef3-847fe4d87b1d generation 1 (__consumer_offsets-21) (kafka.coordinator.group.GroupCoordinator)
[2019-06-04 17:00:05,320] INFO [GroupCoordinator 0]: Assignment received from leader for group stock-f5ae40f1-7adb-4945-bef3-847fe4d87b1d for generation 1 (kafka.coordinator.group.GroupCoordinator)
[2019-06-04 17:00:12,669] INFO [GroupCoordinator 0]: Member consumer-4-10a40b1c-e9ac-4297-b089-d51e3df5102c in group stock-f5ae40f1-7adb-4945-bef3-847fe4d87b1d has left, removing it from the group (kafka.coordinator.group.GroupCoordinator)
[2019-06-04 17:00:12,669] INFO [GroupCoordinator 0]: Preparing to rebalance group stock-f5ae40f1-7adb-4945-bef3-847fe4d87b1d in state PreparingRebalance with old generation 1 (__consumer_offsets-21) (reason: removing member consumer-4-10a40b1c-e9ac-4297-b089-d51e3df5102c on LeaveGroup) (kafka.coordinator.group.GroupCoordinator)
[2019-06-04 17:00:12,669] INFO [GroupCoordinator 0]: Group stock-f5ae40f1-7adb-4945-bef3-847fe4d87b1d with generation 2 is now empty (__consumer_offsets-21) (kafka.coordinator.group.GroupCoordinator)
[2019-06-04 17:00:15,024] INFO [GroupCoordinator 0]: Preparing to rebalance group stock-d695ba59-1e5b-4cdd-b7a2-d167a3a761d2 in state PreparingRebalance with old generation 0 (__consumer_offsets-15) (reason: Adding new member consumer-6-6ff1ee13-3f4d-4082-b47d-8990ea1ae359) (kafka.coordinator.group.GroupCoordinator)
[2019-06-04 17:00:15,024] INFO [GroupCoordinator 0]: Stabilized group stock-d695ba59-1e5b-4cdd-b7a2-d167a3a761d2 generation 1 (__consumer_offsets-15) (kafka.coordinator.group.GroupCoordinator)
[2019-06-04 17:00:15,025] INFO [GroupCoordinator 0]: Assignment received from leader for group stock-d695ba59-1e5b-4cdd-b7a2-d167a3a761d2 for generation 1 (kafka.coordinator.group.GroupCoordinator)
[2019-06-04 17:00:20,322] INFO [GroupCoordinator 0]: Member consumer-6-6ff1ee13-3f4d-4082-b47d-8990ea1ae359 in group stock-d695ba59-1e5b-4cdd-b7a2-d167a3a761d2 has left, removing it from the group (kafka.coordinator.group.GroupCoordinator)
[2019-06-04 17:00:20,322] INFO [GroupCoordinator 0]: Preparing to rebalance group stock-d695ba59-1e5b-4cdd-b7a2-d167a3a761d2 in state PreparingRebalance with old generation 1 (__consumer_offsets-15) (reason: removing member consumer-6-6ff1ee13-3f4d-4082-b47d-8990ea1ae359 on LeaveGroup) (kafka.coordinator.group.GroupCoordinator)
[2019-06-04 17:00:20,322] INFO [GroupCoordinator 0]: Group stock-d695ba59-1e5b-4cdd-b7a2-d167a3a761d2 with generation 2 is now empty (__consumer_offsets-15) (kafka.coordinator.group.GroupCoordinator)
[2019-06-04 17:00:21,965] INFO [GroupCoordinator 0]: Preparing to rebalance group stock-732a0cd0-c930-480c-a3ae-bfdd0430a362 in state PreparingRebalance with old generation 0 (__consumer_offsets-8) (reason: Adding new member consumer-8-96837045-b1cd-41d7-8e44-d69d8aa14057) (kafka.coordinator.group.GroupCoordinator)
[2019-06-04 17:00:21,965] INFO [GroupCoordinator 0]: Stabilized group stock-732a0cd0-c930-480c-a3ae-bfdd0430a362 generation 1 (__consumer_offsets-8) (kafka.coordinator.group.GroupCoordinator)
[2019-06-04 17:00:21,966] INFO [GroupCoordinator 0]: Assignment received from leader for group stock-732a0cd0-c930-480c-a3ae-bfdd0430a362 for generation 1 (kafka.coordinator.group.GroupCoordinator)
[2019-06-04 17:03:02,754] INFO [GroupMetadataManager brokerId=0] Removed 0 expired offsets in 1 milliseconds. (kafka.coordinator.group.GroupMetadataManager)
[2019-06-04 17:05:48,037] INFO [GroupCoordinator 0]: Member consumer-12-cc3f3def-bb0a-4c40-8ee7-dcf78d8409e4 in group catalogue-1 has left, removing it from the group (kafka.coordinator.group.GroupCoordinator)
[2019-06-04 17:05:48,038] INFO [GroupCoordinator 0]: Preparing to rebalance group catalogue-1 in state PreparingRebalance with old generation 17 (__consumer_offsets-43) (reason: removing member consumer-12-cc3f3def-bb0a-4c40-8ee7-dcf78d8409e4 on LeaveGroup) (kafka.coordinator.group.GroupCoordinator)
[2019-06-04 17:05:48,038] INFO [GroupCoordinator 0]: Group catalogue-1 with generation 18 is now empty (__consumer_offsets-43) (kafka.coordinator.group.GroupCoordinator)
[2019-06-04 17:05:51,847] INFO [GroupCoordinator 0]: Preparing to rebalance group catalogue-1 in state PreparingRebalance with old generation 18 (__consumer_offsets-43) (reason: Adding new member consumer-14-88b456f6-b513-45bb-8045-9cf5fb136c9e) (kafka.coordinator.group.GroupCoordinator)
[2019-06-04 17:05:51,848] INFO [GroupCoordinator 0]: Stabilized group catalogue-1 generation 19 (__consumer_offsets-43) (kafka.coordinator.group.GroupCoordinator)
[2019-06-04 17:05:51,849] INFO [GroupCoordinator 0]: Assignment received from leader for group catalogue-1 for generation 19 (kafka.coordinator.group.GroupCoordinator)
[2019-06-04 17:06:02,272] INFO [GroupCoordinator 0]: Member consumer-14-88b456f6-b513-45bb-8045-9cf5fb136c9e in group catalogue-1 has left, removing it from the group (kafka.coordinator.group.GroupCoordinator)
[2019-06-04 17:06:02,272] INFO [GroupCoordinator 0]: Preparing to rebalance group catalogue-1 in state PreparingRebalance with old generation 19 (__consumer_offsets-43) (reason: removing member consumer-14-88b456f6-b513-45bb-8045-9cf5fb136c9e on LeaveGroup) (kafka.coordinator.group.GroupCoordinator)
[2019-06-04 17:06:02,272] INFO [GroupCoordinator 0]: Group catalogue-1 with generation 20 is now empty (__consumer_offsets-43) (kafka.coordinator.group.GroupCoordinator)
[2019-06-04 17:06:04,625] INFO [GroupCoordinator 0]: Preparing to rebalance group catalogue-1 in state PreparingRebalance with old generation 20 (__consumer_offsets-43) (reason: Adding new member consumer-16-088ad74f-5949-4ce6-83c9-0252398a27ea) (kafka.coordinator.group.GroupCoordinator)
[2019-06-04 17:06:04,626] INFO [GroupCoordinator 0]: Stabilized group catalogue-1 generation 21 (__consumer_offsets-43) (kafka.coordinator.group.GroupCoordinator)
[2019-06-04 17:06:04,627] INFO [GroupCoordinator 0]: Assignment received from leader for group catalogue-1 for generation 21 (kafka.coordinator.group.GroupCoordinator)
[2019-06-04 17:06:31,167] INFO [GroupCoordinator 0]: Member consumer-16-088ad74f-5949-4ce6-83c9-0252398a27ea in group catalogue-1 has left, removing it from the group (kafka.coordinator.group.GroupCoordinator)
[2019-06-04 17:06:31,167] INFO [GroupCoordinator 0]: Preparing to rebalance group catalogue-1 in state PreparingRebalance with old generation 21 (__consumer_offsets-43) (reason: removing member consumer-16-088ad74f-5949-4ce6-83c9-0252398a27ea on LeaveGroup) (kafka.coordinator.group.GroupCoordinator)
[2019-06-04 17:06:31,167] INFO [GroupCoordinator 0]: Group catalogue-1 with generation 22 is now empty (__consumer_offsets-43) (kafka.coordinator.group.GroupCoordinator)
[2019-06-04 17:06:36,056] INFO [GroupCoordinator 0]: Preparing to rebalance group catalogue-1 in state PreparingRebalance with old generation 22 (__consumer_offsets-43) (reason: Adding new member consumer-18-b57005bc-f5b4-4418-99f3-15d026d0139a) (kafka.coordinator.group.GroupCoordinator)
[2019-06-04 17:06:36,057] INFO [GroupCoordinator 0]: Stabilized group catalogue-1 generation 23 (__consumer_offsets-43) (kafka.coordinator.group.GroupCoordinator)
[2019-06-04 17:06:36,058] INFO [GroupCoordinator 0]: Assignment received from leader for group catalogue-1 for generation 23 (kafka.coordinator.group.GroupCoordinator)
[2019-06-04 17:06:48,242] INFO [GroupCoordinator 0]: Member consumer-18-b57005bc-f5b4-4418-99f3-15d026d0139a in group catalogue-1 has left, removing it from the group (kafka.coordinator.group.GroupCoordinator)
[2019-06-04 17:06:48,243] INFO [GroupCoordinator 0]: Preparing to rebalance group catalogue-1 in state PreparingRebalance with old generation 23 (__consumer_offsets-43) (reason: removing member consumer-18-b57005bc-f5b4-4418-99f3-15d026d0139a on LeaveGroup) (kafka.coordinator.group.GroupCoordinator)
[2019-06-04 17:06:48,243] INFO [GroupCoordinator 0]: Group catalogue-1 with generation 24 is now empty (__consumer_offsets-43) (kafka.coordinator.group.GroupCoordinator)
[2019-06-04 17:06:50,957] INFO [GroupCoordinator 0]: Preparing to rebalance group catalogue-1 in state PreparingRebalance with old generation 24 (__consumer_offsets-43) (reason: Adding new member consumer-20-66388363-b9f5-472b-acca-2fb563e3ab74) (kafka.coordinator.group.GroupCoordinator)
[2019-06-04 17:06:50,958] INFO [GroupCoordinator 0]: Stabilized group catalogue-1 generation 25 (__consumer_offsets-43) (kafka.coordinator.group.GroupCoordinator)
[2019-06-04 17:06:50,959] INFO [GroupCoordinator 0]: Assignment received from leader for group catalogue-1 for generation 25 (kafka.coordinator.group.GroupCoordinator)
[2019-06-04 17:07:08,424] INFO [GroupCoordinator 0]: Member consumer-20-66388363-b9f5-472b-acca-2fb563e3ab74 in group catalogue-1 has left, removing it from the group (kafka.coordinator.group.GroupCoordinator)
[2019-06-04 17:07:08,424] INFO [GroupCoordinator 0]: Preparing to rebalance group catalogue-1 in state PreparingRebalance with old generation 25 (__consumer_offsets-43) (reason: removing member consumer-20-66388363-b9f5-472b-acca-2fb563e3ab74 on LeaveGroup) (kafka.coordinator.group.GroupCoordinator)
[2019-06-04 17:07:08,424] INFO [GroupCoordinator 0]: Group catalogue-1 with generation 26 is now empty (__consumer_offsets-43) (kafka.coordinator.group.GroupCoordinator)
[2019-06-04 17:07:12,508] INFO [GroupCoordinator 0]: Preparing to rebalance group catalogue-1 in state PreparingRebalance with old generation 26 (__consumer_offsets-43) (reason: Adding new member consumer-22-f2873b50-b0cc-4040-8997-ca249bb3a049) (kafka.coordinator.group.GroupCoordinator)
[2019-06-04 17:07:12,509] INFO [GroupCoordinator 0]: Stabilized group catalogue-1 generation 27 (__consumer_offsets-43) (kafka.coordinator.group.GroupCoordinator)
[2019-06-04 17:07:12,511] INFO [GroupCoordinator 0]: Assignment received from leader for group catalogue-1 for generation 27 (kafka.coordinator.group.GroupCoordinator)
[2019-06-04 17:07:15,342] INFO [GroupCoordinator 0]: Member consumer-22-f2873b50-b0cc-4040-8997-ca249bb3a049 in group catalogue-1 has left, removing it from the group (kafka.coordinator.group.GroupCoordinator)
[2019-06-04 17:07:15,342] INFO [GroupCoordinator 0]: Preparing to rebalance group catalogue-1 in state PreparingRebalance with old generation 27 (__consumer_offsets-43) (reason: removing member consumer-22-f2873b50-b0cc-4040-8997-ca249bb3a049 on LeaveGroup) (kafka.coordinator.group.GroupCoordinator)
[2019-06-04 17:07:15,343] INFO [GroupCoordinator 0]: Group catalogue-1 with generation 28 is now empty (__consumer_offsets-43) (kafka.coordinator.group.GroupCoordinator)
[2019-06-04 17:07:18,643] INFO [GroupCoordinator 0]: Preparing to rebalance group catalogue-1 in state PreparingRebalance with old generation 28 (__consumer_offsets-43) (reason: Adding new member consumer-24-27e35cb3-d034-4e78-a890-6001f8ef161e) (kafka.coordinator.group.GroupCoordinator)
[2019-06-04 17:07:18,644] INFO [GroupCoordinator 0]: Stabilized group catalogue-1 generation 29 (__consumer_offsets-43) (kafka.coordinator.group.GroupCoordinator)
[2019-06-04 17:07:18,645] INFO [GroupCoordinator 0]: Assignment received from leader for group catalogue-1 for generation 29 (kafka.coordinator.group.GroupCoordinator)
[2019-06-04 17:07:23,992] INFO [GroupCoordinator 0]: Member consumer-24-27e35cb3-d034-4e78-a890-6001f8ef161e in group catalogue-1 has left, removing it from the group (kafka.coordinator.group.GroupCoordinator)
[2019-06-04 17:07:23,992] INFO [GroupCoordinator 0]: Preparing to rebalance group catalogue-1 in state PreparingRebalance with old generation 29 (__consumer_offsets-43) (reason: removing member consumer-24-27e35cb3-d034-4e78-a890-6001f8ef161e on LeaveGroup) (kafka.coordinator.group.GroupCoordinator)
[2019-06-04 17:07:23,992] INFO [GroupCoordinator 0]: Group catalogue-1 with generation 30 is now empty (__consumer_offsets-43) (kafka.coordinator.group.GroupCoordinator)
[2019-06-04 17:07:28,398] INFO [GroupCoordinator 0]: Preparing to rebalance group catalogue-1 in state PreparingRebalance with old generation 30 (__consumer_offsets-43) (reason: Adding new member consumer-26-582a7d82-5234-40e3-a742-b68f9d4dab14) (kafka.coordinator.group.GroupCoordinator)
[2019-06-04 17:07:28,401] INFO [GroupCoordinator 0]: Stabilized group catalogue-1 generation 31 (__consumer_offsets-43) (kafka.coordinator.group.GroupCoordinator)
[2019-06-04 17:07:28,402] INFO [GroupCoordinator 0]: Assignment received from leader for group catalogue-1 for generation 31 (kafka.coordinator.group.GroupCoordinator)
[2019-06-04 17:07:30,591] INFO [GroupCoordinator 0]: Member consumer-26-582a7d82-5234-40e3-a742-b68f9d4dab14 in group catalogue-1 has left, removing it from the group (kafka.coordinator.group.GroupCoordinator)
[2019-06-04 17:07:30,591] INFO [GroupCoordinator 0]: Preparing to rebalance group catalogue-1 in state PreparingRebalance with old generation 31 (__consumer_offsets-43) (reason: removing member consumer-26-582a7d82-5234-40e3-a742-b68f9d4dab14 on LeaveGroup) (kafka.coordinator.group.GroupCoordinator)
[2019-06-04 17:07:30,591] INFO [GroupCoordinator 0]: Group catalogue-1 with generation 32 is now empty (__consumer_offsets-43) (kafka.coordinator.group.GroupCoordinator)
[2019-06-04 17:07:33,313] INFO [GroupCoordinator 0]: Preparing to rebalance group catalogue-1 in state PreparingRebalance with old generation 32 (__consumer_offsets-43) (reason: Adding new member consumer-28-775548e2-2303-4415-90a2-c745bb6b8654) (kafka.coordinator.group.GroupCoordinator)
[2019-06-04 17:07:33,314] INFO [GroupCoordinator 0]: Stabilized group catalogue-1 generation 33 (__consumer_offsets-43) (kafka.coordinator.group.GroupCoordinator)
[2019-06-04 17:07:33,315] INFO [GroupCoordinator 0]: Assignment received from leader for group catalogue-1 for generation 33 (kafka.coordinator.group.GroupCoordinator)
[2019-06-04 17:08:06,748] INFO [GroupCoordinator 0]: Member consumer-28-775548e2-2303-4415-90a2-c745bb6b8654 in group catalogue-1 has left, removing it from the group (kafka.coordinator.group.GroupCoordinator)
[2019-06-04 17:08:06,749] INFO [GroupCoordinator 0]: Preparing to rebalance group catalogue-1 in state PreparingRebalance with old generation 33 (__consumer_offsets-43) (reason: removing member consumer-28-775548e2-2303-4415-90a2-c745bb6b8654 on LeaveGroup) (kafka.coordinator.group.GroupCoordinator)
[2019-06-04 17:08:06,749] INFO [GroupCoordinator 0]: Group catalogue-1 with generation 34 is now empty (__consumer_offsets-43) (kafka.coordinator.group.GroupCoordinator)
[2019-06-04 17:08:10,346] INFO [GroupCoordinator 0]: Preparing to rebalance group catalogue-1 in state PreparingRebalance with old generation 34 (__consumer_offsets-43) (reason: Adding new member consumer-30-26b33da7-e4b8-4819-8c28-5b7799078b05) (kafka.coordinator.group.GroupCoordinator)
[2019-06-04 17:08:10,346] INFO [GroupCoordinator 0]: Stabilized group catalogue-1 generation 35 (__consumer_offsets-43) (kafka.coordinator.group.GroupCoordinator)
[2019-06-04 17:08:10,347] INFO [GroupCoordinator 0]: Assignment received from leader for group catalogue-1 for generation 35 (kafka.coordinator.group.GroupCoordinator)
[2019-06-04 17:09:17,158] INFO [GroupCoordinator 0]: Member consumer-30-26b33da7-e4b8-4819-8c28-5b7799078b05 in group catalogue-1 has left, removing it from the group (kafka.coordinator.group.GroupCoordinator)
[2019-06-04 17:09:17,158] INFO [GroupCoordinator 0]: Preparing to rebalance group catalogue-1 in state PreparingRebalance with old generation 35 (__consumer_offsets-43) (reason: removing member consumer-30-26b33da7-e4b8-4819-8c28-5b7799078b05 on LeaveGroup) (kafka.coordinator.group.GroupCoordinator)
[2019-06-04 17:09:17,159] INFO [GroupCoordinator 0]: Group catalogue-1 with generation 36 is now empty (__consumer_offsets-43) (kafka.coordinator.group.GroupCoordinator)
[2019-06-04 17:09:20,255] INFO [GroupCoordinator 0]: Preparing to rebalance group catalogue-1 in state PreparingRebalance with old generation 36 (__consumer_offsets-43) (reason: Adding new member consumer-32-2ad97e28-ed1a-4cd6-9b10-6de550acebc1) (kafka.coordinator.group.GroupCoordinator)
[2019-06-04 17:09:20,256] INFO [GroupCoordinator 0]: Stabilized group catalogue-1 generation 37 (__consumer_offsets-43) (kafka.coordinator.group.GroupCoordinator)
[2019-06-04 17:09:20,256] INFO [GroupCoordinator 0]: Assignment received from leader for group catalogue-1 for generation 37 (kafka.coordinator.group.GroupCoordinator)
[2019-06-04 17:09:40,718] INFO [GroupCoordinator 0]: Member consumer-32-2ad97e28-ed1a-4cd6-9b10-6de550acebc1 in group catalogue-1 has left, removing it from the group (kafka.coordinator.group.GroupCoordinator)
[2019-06-04 17:09:40,718] INFO [GroupCoordinator 0]: Preparing to rebalance group catalogue-1 in state PreparingRebalance with old generation 37 (__consumer_offsets-43) (reason: removing member consumer-32-2ad97e28-ed1a-4cd6-9b10-6de550acebc1 on LeaveGroup) (kafka.coordinator.group.GroupCoordinator)
[2019-06-04 17:09:40,718] INFO [GroupCoordinator 0]: Group catalogue-1 with generation 38 is now empty (__consumer_offsets-43) (kafka.coordinator.group.GroupCoordinator)
[2019-06-04 17:09:44,203] INFO [GroupCoordinator 0]: Preparing to rebalance group catalogue-1 in state PreparingRebalance with old generation 38 (__consumer_offsets-43) (reason: Adding new member consumer-34-5833f8eb-50ed-4e30-af40-03e605a5ad55) (kafka.coordinator.group.GroupCoordinator)
[2019-06-04 17:09:44,203] INFO [GroupCoordinator 0]: Stabilized group catalogue-1 generation 39 (__consumer_offsets-43) (kafka.coordinator.group.GroupCoordinator)
[2019-06-04 17:09:44,204] INFO [GroupCoordinator 0]: Assignment received from leader for group catalogue-1 for generation 39 (kafka.coordinator.group.GroupCoordinator)
[2019-06-04 17:13:02,788] INFO [GroupMetadataManager brokerId=0] Removed 0 expired offsets in 0 milliseconds. (kafka.coordinator.group.GroupMetadataManager)
